Basic Block : entry
Program Point 0, instr :  %retval = alloca i32, align 4, live_set =  {%argc %argv }.
Program Point 1, instr :  %argc.addr = alloca i32, align 4, live_set =  {%argc %argv %retval }.
Program Point 2, instr :  %argv.addr = alloca i8**, align 8, live_set =  {%argc %argc.addr %argv %retval }.
Program Point 3, instr :  %a = alloca i32, align 4, live_set =  {%argc %argc.addr %argv %argv.addr %retval }.
Program Point 4, instr :  %b = alloca i32, align 4, live_set =  {%a %argc %argc.addr %argv %argv.addr %retval }.
Program Point 5, instr :  store i32 0, i32* %retval, align 4, live_set =  {%a %argc %argc.addr %argv %argv.addr %b %retval }.
Program Point 6, instr :  store i32 %argc, i32* %argc.addr, align 4, live_set =  {%a %argc %argc.addr %argv %argv.addr %b }.
Program Point 7, instr :  call void @llvm.dbg.declare(metadata i32* %argc.addr, metadata !1584, metadata !DIExpression()), !dbg !1585, live_set =  {%a %argv %argv.addr %b }.
Program Point 8, instr :  store i8** %argv, i8*** %argv.addr, align 8, live_set =  {%a %argv %argv.addr %b }.
Program Point 9, instr :  call void @llvm.dbg.declare(metadata i8*** %argv.addr, metadata !1586, metadata !DIExpression()), !dbg !1587, live_set =  {%a %b }.
Program Point 10, instr :  call void @llvm.dbg.declare(metadata i32* %a, metadata !1588, metadata !DIExpression()), !dbg !1589, live_set =  {%a %b }.
Program Point 11, instr :  store i32 90, i32* %a, align 4, !dbg !1585, live_set =  {%a %b }.
Program Point 12, instr :  call void @llvm.dbg.declare(metadata i32* %b, metadata !1590, metadata !DIExpression()), !dbg !1591, live_set =  {%a %b }.
Program Point 13, instr :  store i32 89, i32* %b, align 4, !dbg !1587, live_set =  {%a %b }.
Program Point 14, instr :  %i = load i32, i32* %a, align 4, !dbg !1588, live_set =  {%a %b }.
Program Point 15, instr :  %cmp = icmp sge i32 %i, 90, !dbg !1590, live_set =  {%a %b %i }.
Program Point 16, instr :  br i1 %cmp, label %if.then, label %if.else, !dbg !1591, live_set =  {%a %b %cmp }.

For Basic Block entry; OUT_SET =  {%a %b %cmp }.

Basic Block : if.then
Program Point 17, instr :  store i32 700, i32* %a, align 4, !dbg !1592, live_set =  {%a %b }.
Program Point 18, instr :  store i32 800, i32* %b, align 4, !dbg !1594, live_set =  {%b }.
Program Point 19, instr :  br label %if.end, !dbg !1595, live_set =  {}.
Program Point 20, instr :  %retval = alloca i32, align 4, live_set =  {%argc %argv }.
Program Point 21, instr :  %argc.addr = alloca i32, align 4, live_set =  {%argc %argv %retval }.
Program Point 22, instr :  %argv.addr = alloca i8**, align 8, live_set =  {%argc %argc.addr %argv %retval }.
Program Point 23, instr :  %a = alloca i32, align 4, live_set =  {%argc %argc.addr %argv %argv.addr %retval }.
Program Point 24, instr :  %b = alloca i32, align 4, live_set =  {%a %argc %argc.addr %argv %argv.addr %retval }.
Program Point 25, instr :  store i32 0, i32* %retval, align 4, live_set =  {%a %argc %argc.addr %argv %argv.addr %b %retval }.
Program Point 26, instr :  store i32 %argc, i32* %argc.addr, align 4, live_set =  {%a %argc %argc.addr %argv %argv.addr %b }.
Program Point 27, instr :  call void @llvm.dbg.declare(metadata i32* %argc.addr, metadata !1584, metadata !DIExpression()), !dbg !1585, live_set =  {%a %argv %argv.addr %b }.
Program Point 28, instr :  store i8** %argv, i8*** %argv.addr, align 8, live_set =  {%a %argv %argv.addr %b }.
Program Point 29, instr :  call void @llvm.dbg.declare(metadata i8*** %argv.addr, metadata !1586, metadata !DIExpression()), !dbg !1587, live_set =  {%a %b }.
Program Point 30, instr :  call void @llvm.dbg.declare(metadata i32* %a, metadata !1588, metadata !DIExpression()), !dbg !1589, live_set =  {%a %b }.
Program Point 31, instr :  store i32 90, i32* %a, align 4, !dbg !1585, live_set =  {%a %b }.
Program Point 32, instr :  call void @llvm.dbg.declare(metadata i32* %b, metadata !1590, metadata !DIExpression()), !dbg !1591, live_set =  {%a %b }.
Program Point 33, instr :  store i32 89, i32* %b, align 4, !dbg !1587, live_set =  {%a %b }.
Program Point 34, instr :  %i = load i32, i32* %a, align 4, !dbg !1588, live_set =  {%a %b }.
Program Point 35, instr :  %cmp = icmp sge i32 %i, 90, !dbg !1590, live_set =  {%a %b %i }.
Program Point 36, instr :  br i1 %cmp, label %if.then, label %if.else, !dbg !1591, live_set =  {%a %b %cmp }.

For Basic Block if.then; OUT_SET =  {%a %b %cmp }.

Basic Block : if.else
Program Point 37, instr :  store i32 80, i32* %a, align 4, !dbg !1596, live_set =  {%a %b }.
Program Point 38, instr :  store i32 80, i32* %b, align 4, !dbg !1598, live_set =  {%b }.
Program Point 39, instr :  br label %if.end, live_set =  {}.
Program Point 40, instr :  store i32 700, i32* %a, align 4, !dbg !1592, live_set =  {%a %b }.
Program Point 41, instr :  store i32 800, i32* %b, align 4, !dbg !1594, live_set =  {%b }.
Program Point 42, instr :  br label %if.end, !dbg !1595, live_set =  {}.
Program Point 43, instr :  %retval = alloca i32, align 4, live_set =  {%argc %argv }.
Program Point 44, instr :  %argc.addr = alloca i32, align 4, live_set =  {%argc %argv %retval }.
Program Point 45, instr :  %argv.addr = alloca i8**, align 8, live_set =  {%argc %argc.addr %argv %retval }.
Program Point 46, instr :  %a = alloca i32, align 4, live_set =  {%argc %argc.addr %argv %argv.addr %retval }.
Program Point 47, instr :  %b = alloca i32, align 4, live_set =  {%a %argc %argc.addr %argv %argv.addr %retval }.
Program Point 48, instr :  store i32 0, i32* %retval, align 4, live_set =  {%a %argc %argc.addr %argv %argv.addr %b %retval }.
Program Point 49, instr :  store i32 %argc, i32* %argc.addr, align 4, live_set =  {%a %argc %argc.addr %argv %argv.addr %b }.
Program Point 50, instr :  call void @llvm.dbg.declare(metadata i32* %argc.addr, metadata !1584, metadata !DIExpression()), !dbg !1585, live_set =  {%a %argv %argv.addr %b }.
Program Point 51, instr :  store i8** %argv, i8*** %argv.addr, align 8, live_set =  {%a %argv %argv.addr %b }.
Program Point 52, instr :  call void @llvm.dbg.declare(metadata i8*** %argv.addr, metadata !1586, metadata !DIExpression()), !dbg !1587, live_set =  {%a %b }.
Program Point 53, instr :  call void @llvm.dbg.declare(metadata i32* %a, metadata !1588, metadata !DIExpression()), !dbg !1589, live_set =  {%a %b }.
Program Point 54, instr :  store i32 90, i32* %a, align 4, !dbg !1585, live_set =  {%a %b }.
Program Point 55, instr :  call void @llvm.dbg.declare(metadata i32* %b, metadata !1590, metadata !DIExpression()), !dbg !1591, live_set =  {%a %b }.
Program Point 56, instr :  store i32 89, i32* %b, align 4, !dbg !1587, live_set =  {%a %b }.
Program Point 57, instr :  %i = load i32, i32* %a, align 4, !dbg !1588, live_set =  {%a %b }.
Program Point 58, instr :  %cmp = icmp sge i32 %i, 90, !dbg !1590, live_set =  {%a %b %i }.
Program Point 59, instr :  br i1 %cmp, label %if.then, label %if.else, !dbg !1591, live_set =  {%a %b %cmp }.

For Basic Block if.else; OUT_SET =  {%a %b %cmp }.

Basic Block : if.end
Program Point 60, instr :  ret i32 0, !dbg !1599, live_set =  {}.
Program Point 61, instr :  store i32 80, i32* %a, align 4, !dbg !1596, live_set =  {%a %b }.
Program Point 62, instr :  store i32 80, i32* %b, align 4, !dbg !1598, live_set =  {%b }.
Program Point 63, instr :  br label %if.end, live_set =  {}.
Program Point 64, instr :  store i32 700, i32* %a, align 4, !dbg !1592, live_set =  {%a %b }.
Program Point 65, instr :  store i32 800, i32* %b, align 4, !dbg !1594, live_set =  {%b }.
Program Point 66, instr :  br label %if.end, !dbg !1595, live_set =  {}.
Program Point 67, instr :  %retval = alloca i32, align 4, live_set =  {%argc %argv }.
Program Point 68, instr :  %argc.addr = alloca i32, align 4, live_set =  {%argc %argv %retval }.
Program Point 69, instr :  %argv.addr = alloca i8**, align 8, live_set =  {%argc %argc.addr %argv %retval }.
Program Point 70, instr :  %a = alloca i32, align 4, live_set =  {%argc %argc.addr %argv %argv.addr %retval }.
Program Point 71, instr :  %b = alloca i32, align 4, live_set =  {%a %argc %argc.addr %argv %argv.addr %retval }.
Program Point 72, instr :  store i32 0, i32* %retval, align 4, live_set =  {%a %argc %argc.addr %argv %argv.addr %b %retval }.
Program Point 73, instr :  store i32 %argc, i32* %argc.addr, align 4, live_set =  {%a %argc %argc.addr %argv %argv.addr %b }.
Program Point 74, instr :  call void @llvm.dbg.declare(metadata i32* %argc.addr, metadata !1584, metadata !DIExpression()), !dbg !1585, live_set =  {%a %argv %argv.addr %b }.
Program Point 75, instr :  store i8** %argv, i8*** %argv.addr, align 8, live_set =  {%a %argv %argv.addr %b }.
Program Point 76, instr :  call void @llvm.dbg.declare(metadata i8*** %argv.addr, metadata !1586, metadata !DIExpression()), !dbg !1587, live_set =  {%a %b }.
Program Point 77, instr :  call void @llvm.dbg.declare(metadata i32* %a, metadata !1588, metadata !DIExpression()), !dbg !1589, live_set =  {%a %b }.
Program Point 78, instr :  store i32 90, i32* %a, align 4, !dbg !1585, live_set =  {%a %b }.
Program Point 79, instr :  call void @llvm.dbg.declare(metadata i32* %b, metadata !1590, metadata !DIExpression()), !dbg !1591, live_set =  {%a %b }.
Program Point 80, instr :  store i32 89, i32* %b, align 4, !dbg !1587, live_set =  {%a %b }.
Program Point 81, instr :  %i = load i32, i32* %a, align 4, !dbg !1588, live_set =  {%a %b }.
Program Point 82, instr :  %cmp = icmp sge i32 %i, 90, !dbg !1590, live_set =  {%a %b %i }.
Program Point 83, instr :  br i1 %cmp, label %if.then, label %if.else, !dbg !1591, live_set =  {%a %b %cmp }.

For Basic Block if.end; OUT_SET =  {%a %b %cmp }.

Histogram : 
#live_count , #program_points_count  

0, 6
1, 5
7, 4
6, 8
5, 4
4, 12
3, 12
2, 33
